2020-10-17 17:00:45,016 - RegisterPage - INFO - 执行注册操作
2020-10-17 17:00:51,877 - BasePage - INFO - None 查找元素 ('name', 'username')
2020-10-17 17:00:52,168 - BasePage - INFO - None 查找元素 ('name', 'email')
2020-10-17 17:00:52,352 - BasePage - INFO - None 查找元素 ('name', 'password')
2020-10-17 17:00:52,494 - BasePage - INFO - None 查找元素 ('name', 'confirm_password')
2020-10-17 17:00:52,607 - BasePage - INFO - None 查找元素 ('name', 'extend_field1')
2020-10-17 17:00:52,744 - BasePage - INFO - None 查找元素 ('name', 'extend_field2')
2020-10-17 17:00:52,848 - BasePage - INFO - None 查找元素 ('name', 'extend_field3')
2020-10-17 17:00:52,944 - BasePage - INFO - None 查找元素 ('name', 'extend_field4')
2020-10-17 17:00:53,044 - BasePage - INFO - None 查找元素 ('name', 'extend_field5')
2020-10-17 17:00:53,156 - BasePage - INFO - None 查找元素 ('name', 'sel_question')
2020-10-17 17:00:53,258 - BasePage - INFO - None 查找元素 ('name', 'passwd_answer')
2020-10-17 17:00:53,372 - BasePage - INFO - None 查找元素 ('name', 'Submit')
2020-10-17 17:01:03,810 - BasePage - INFO - None 查找元素 ('name', 'username')
2020-10-17 17:01:03,970 - BasePage - INFO - None 查找元素 ('name', 'email')
2020-10-17 17:01:04,083 - BasePage - INFO - None 查找元素 ('name', 'password')
2020-10-17 17:01:04,178 - BasePage - INFO - None 查找元素 ('name', 'confirm_password')
2020-10-17 17:01:04,302 - BasePage - INFO - None 查找元素 ('name', 'extend_field1')
2020-10-17 17:01:04,399 - BasePage - INFO - None 查找元素 ('name', 'extend_field2')
2020-10-17 17:01:04,489 - BasePage - INFO - None 查找元素 ('name', 'extend_field3')
2020-10-17 17:01:04,571 - BasePage - INFO - None 查找元素 ('name', 'extend_field4')
2020-10-17 17:01:04,651 - BasePage - INFO - None 查找元素 ('name', 'extend_field5')
2020-10-17 17:01:04,734 - BasePage - INFO - None 查找元素 ('name', 'sel_question')
2020-10-17 17:01:04,832 - BasePage - INFO - None 查找元素 ('name', 'passwd_answer')
2020-10-17 17:01:04,917 - BasePage - INFO - None 查找元素 ('name', 'Submit')
